<?xml version="1.0" encoding="UTF-8"?>
<testng-results skipped="0" failed="0" ignored="0" total="7" passed="7">
  <reporter-output>
  </reporter-output>
  <suite name="Verizon Test Sanity Suite" duration-ms="106760" started-at="2019-11-20T16:53:49Z" finished-at="2019-11-20T16:55:35Z">
    <groups>
    </groups>
    <test name="Verizon Sanity Test" duration-ms="106760" started-at="2019-11-20T16:53:49Z" finished-at="2019-11-20T16:55:35Z">
      <class name="Tests.VerizonSmartphoneTest">
        <test-method status="PASS" signature="setUp()[pri:0, instance:Tests.VerizonSmartphoneTest@42d80b78]" name="setUp" is-config="true" duration-ms="12083" started-at="2019-11-20T16:54:09Z" finished-at="2019-11-20T16:54:21Z">
          <reporter-output>
          </reporter-output>
        </test-method> <!-- setUp -->
        <test-method status="PASS" signature="getPhoneTitle()[pri:0, instance:Tests.VerizonSmartphoneTest@42d80b78]" name="getPhoneTitle" duration-ms="6" started-at="2019-11-20T16:54:21Z" finished-at="2019-11-20T16:54:21Z">
          <reporter-output>
          </reporter-output>
        </test-method> <!-- getPhoneTitle -->
        <test-method status="PASS" signature="close()[pri:0, instance:Tests.VerizonSmartphoneTest@42d80b78]" name="close" is-config="true" duration-ms="379" started-at="2019-11-20T16:54:21Z" finished-at="2019-11-20T16:54:22Z">
          <reporter-output>
          </reporter-output>
        </test-method> <!-- close -->
        <test-method status="PASS" signature="setUp()[pri:0, instance:Tests.VerizonSmartphoneTest@42d80b78]" name="setUp" is-config="true" duration-ms="11955" started-at="2019-11-20T16:54:22Z" finished-at="2019-11-20T16:54:34Z">
          <reporter-output>
          </reporter-output>
        </test-method> <!-- setUp -->
        <test-method status="PASS" signature="smartPhoneClick()[pri:0, instance:Tests.VerizonSmartphoneTest@42d80b78]" name="smartPhoneClick" duration-ms="3012" started-at="2019-11-20T16:54:34Z" finished-at="2019-11-20T16:54:37Z">
          <reporter-output>
          </reporter-output>
        </test-method> <!-- smartPhoneClick -->
        <test-method status="PASS" signature="close()[pri:0, instance:Tests.VerizonSmartphoneTest@42d80b78]" name="close" is-config="true" duration-ms="364" started-at="2019-11-20T16:54:37Z" finished-at="2019-11-20T16:54:37Z">
          <reporter-output>
          </reporter-output>
        </test-method> <!-- close -->
      </class> <!-- Tests.VerizonSmartphoneTest -->
      <class name="Tests.VerizonCustomizeTest">
        <test-method status="PASS" signature="setUp()[pri:0, instance:Tests.VerizonCustomizeTest@1bce4f0a]" name="setUp" is-config="true" duration-ms="19350" started-at="2019-11-20T16:54:56Z" finished-at="2019-11-20T16:55:15Z">
          <reporter-output>
          </reporter-output>
        </test-method> <!-- setUp -->
        <test-method status="PASS" signature="CustomizeTest()[pri:0, instance:Tests.VerizonCustomizeTest@1bce4f0a]" name="CustomizeTest" duration-ms="48" started-at="2019-11-20T16:55:15Z" finished-at="2019-11-20T16:55:15Z">
          <reporter-output>
          </reporter-output>
        </test-method> <!-- CustomizeTest -->
        <test-method status="PASS" signature="closeDown()[pri:0, instance:Tests.VerizonCustomizeTest@1bce4f0a]" name="closeDown" is-config="true" duration-ms="314" started-at="2019-11-20T16:55:15Z" finished-at="2019-11-20T16:55:16Z">
          <reporter-output>
          </reporter-output>
        </test-method> <!-- closeDown -->
        <test-method status="PASS" signature="setUp()[pri:0, instance:Tests.VerizonCustomizeTest@1bce4f0a]" name="setUp" is-config="true" duration-ms="19392" started-at="2019-11-20T16:55:16Z" finished-at="2019-11-20T16:55:35Z">
          <reporter-output>
          </reporter-output>
        </test-method> <!-- setUp -->
        <test-method status="PASS" signature="getMainTitle()[pri:0, instance:Tests.VerizonCustomizeTest@1bce4f0a]" name="getMainTitle" duration-ms="47" started-at="2019-11-20T16:55:35Z" finished-at="2019-11-20T16:55:35Z">
          <reporter-output>
          </reporter-output>
        </test-method> <!-- getMainTitle -->
        <test-method status="PASS" signature="closeDown()[pri:0, instance:Tests.VerizonCustomizeTest@1bce4f0a]" name="closeDown" is-config="true" duration-ms="278" started-at="2019-11-20T16:55:35Z" finished-at="2019-11-20T16:55:35Z">
          <reporter-output>
          </reporter-output>
        </test-method> <!-- closeDown -->
      </class> <!-- Tests.VerizonCustomizeTest -->
      <class name="Tests.VerizonPhoneTest">
        <test-method status="PASS" signature="setUp()[pri:0, instance:Tests.VerizonPhoneTest@1e88b3c]" name="setUp" is-config="true" duration-ms="8353" started-at="2019-11-20T16:53:49Z" finished-at="2019-11-20T16:53:57Z">
          <reporter-output>
          </reporter-output>
        </test-method> <!-- setUp -->
        <test-method status="PASS" signature="getMainTitle()[pri:0, instance:Tests.VerizonPhoneTest@1e88b3c]" name="getMainTitle" duration-ms="18" started-at="2019-11-20T16:53:57Z" finished-at="2019-11-20T16:53:57Z">
          <reporter-output>
          </reporter-output>
        </test-method> <!-- getMainTitle -->
        <test-method status="PASS" signature="close()[pri:0, instance:Tests.VerizonPhoneTest@1e88b3c]" name="close" is-config="true" duration-ms="379" started-at="2019-11-20T16:53:57Z" finished-at="2019-11-20T16:53:57Z">
          <reporter-output>
          </reporter-output>
        </test-method> <!-- close -->
        <test-method status="PASS" signature="setUp()[pri:0, instance:Tests.VerizonPhoneTest@1e88b3c]" name="setUp" is-config="true" duration-ms="7785" started-at="2019-11-20T16:53:57Z" finished-at="2019-11-20T16:54:05Z">
          <reporter-output>
          </reporter-output>
        </test-method> <!-- setUp -->
        <test-method status="PASS" signature="phoneChoose()[pri:0, instance:Tests.VerizonPhoneTest@1e88b3c]" name="phoneChoose" duration-ms="3605" started-at="2019-11-20T16:54:05Z" finished-at="2019-11-20T16:54:09Z">
          <reporter-output>
          </reporter-output>
        </test-method> <!-- phoneChoose -->
        <test-method status="PASS" signature="close()[pri:0, instance:Tests.VerizonPhoneTest@1e88b3c]" name="close" is-config="true" duration-ms="387" started-at="2019-11-20T16:54:09Z" finished-at="2019-11-20T16:54:09Z">
          <reporter-output>
          </reporter-output>
        </test-method> <!-- close -->
      </class> <!-- Tests.VerizonPhoneTest -->
      <class name="Tests.Verizon11IphoneTest">
        <test-method status="PASS" signature="setUp()[pri:0, instance:Tests.Verizon11IphoneTest@3bfdc050]" name="setUp" is-config="true" duration-ms="14813" started-at="2019-11-20T16:54:37Z" finished-at="2019-11-20T16:54:52Z">
          <reporter-output>
          </reporter-output>
        </test-method> <!-- setUp -->
        <test-method status="PASS" signature="chooseFeatures()[pri:0, instance:Tests.Verizon11IphoneTest@3bfdc050]" name="chooseFeatures" duration-ms="3881" started-at="2019-11-20T16:54:52Z" finished-at="2019-11-20T16:54:56Z">
          <reporter-output>
          </reporter-output>
        </test-method> <!-- chooseFeatures -->
        <test-method status="PASS" signature="close()[pri:0, instance:Tests.Verizon11IphoneTest@3bfdc050]" name="close" is-config="true" duration-ms="285" started-at="2019-11-20T16:54:56Z" finished-at="2019-11-20T16:54:56Z">
          <reporter-output>
          </reporter-output>
        </test-method> <!-- close -->
      </class> <!-- Tests.Verizon11IphoneTest -->
    </test> <!-- Verizon Sanity Test -->
  </suite> <!-- Verizon Test Sanity Suite -->
</testng-results>
