<?xml version="1.0" encoding="UTF-8"?>
<!-- Generated by org.testng.reporters.JUnitXMLReporter -->
<testsuite hostname="Sumeyras-MBP.home" ignored="0" name="Verizon Sanity Test" tests="7" failures="0" timestamp="20 Nov 2019 16:55:35 GMT" time="106.76" errors="0">
  <testcase name="getMainTitle" time="0.018" classname="Tests.VerizonPhoneTest"/>
  <testcase name="phoneChoose" time="3.605" classname="Tests.VerizonPhoneTest"/>
  <testcase name="getPhoneTitle" time="0.006" classname="Tests.VerizonSmartphoneTest"/>
  <testcase name="smartPhoneClick" time="3.012" classname="Tests.VerizonSmartphoneTest"/>
  <testcase name="chooseFeatures" time="3.881" classname="Tests.Verizon11IphoneTest"/>
  <testcase name="CustomizeTest" time="0.048" classname="Tests.VerizonCustomizeTest"/>
  <testcase name="getMainTitle" time="0.047" classname="Tests.VerizonCustomizeTest"/>
</testsuite> <!-- Verizon Sanity Test -->
